<?xml version="1.0" encoding="UTF-8" standalone="yes"?>
<testsuite name="jqassistant.Group_business_Default" tests="2" failures="0" errors="0" time="0.0">
    <testcase name="Concept_business_Subdomain" time="0.0" classname="jqassistant.Group_business_Default"/>
    <testcase name="Concept_business_SubdomainDependency" time="0.0" classname="jqassistant.Group_business_Default"/>
</testsuite>
