<?xml version="1.0" encoding="UTF-8" standalone="yes"?>
<testsuite name="jqassistant.Group_default" tests="0" failures="0" errors="0" time="4.0"/>
