<?xml version="1.0" encoding="UTF-8" standalone="yes"?>
<testsuite name="jqassistant.Group_spring-boot_Default" tests="1" failures="0" errors="0" time="0.0">
    <testcase name="Constraint_spring-boot_AllTypesInApplicationPackage" time="0.0" classname="jqassistant.Group_spring-boot_Default"/>
</testsuite>
