<?xml version="1.0" encoding="UTF-8" standalone="yes"?>
<testsuite name="jqassistant.Group_spring-component_Strict" tests="0" failures="0" errors="0" time="0.0"/>
